<?xml version="1.0" encoding="UTF-8"?>
<!-- Generated by org.testng.reporters.JUnitReportReporter -->
<testsuite skipped="0" hostname="LENOVO" name="com.tmb.tests.LoginPageTest" tests="2" failures="0" timestamp="10 Jul 2021 16:27:54 GMT" time="29.884" errors="0">
  <testcase name="loginTest" time="18.721" classname="com.tmb.tests.LoginPageTest"/>
  <testcase name="validateLoginPageTitle" time="11.163" classname="com.tmb.tests.LoginPageTest"/>
</testsuite> <!-- com.tmb.tests.LoginPageTest -->
