<?xml version="1.0" encoding="UTF-8"?>
<!-- Generated by org.testng.reporters.JUnitReportReporter -->
<testsuite skipped="0" hostname="LENOVO" name="com.tmb.tests.LoginPageTest" tests="1" failures="0" timestamp="18 Jul 2021 06:40:36 GMT" time="20.898" errors="0">
  <testcase name="loginLogoutTest" time="20.898" classname="com.tmb.tests.LoginPageTest"/>
</testsuite> <!-- com.tmb.tests.LoginPageTest -->
