<?xml version="1.0" encoding="UTF-8"?>
<!-- Generated by org.testng.reporters.JUnitReportReporter -->
<testsuite skipped="0" hostname="LENOVO" name="com.tmb.tests.LoginPageTest" tests="1" failures="0" timestamp="11 Aug 2021 01:42:46 GMT" time="31.066" errors="0">
  <testcase name="loginLogoutTest" time="31.066" classname="com.tmb.tests.LoginPageTest"/>
</testsuite> <!-- com.tmb.tests.LoginPageTest -->
