<?xml version="1.0" encoding="UTF-8"?>
<!-- Generated by org.testng.reporters.JUnitReportReporter -->
<testsuite skipped="0" hostname="LENOVO" name="com.tmb.tests.UpdateMyInfoTest" tests="1" failures="0" timestamp="11 Aug 2021 01:42:46 GMT" time="32.701" errors="0">
  <testcase name="validateUpdateMyInfoTest" time="32.701" classname="com.tmb.tests.UpdateMyInfoTest"/>
</testsuite> <!-- com.tmb.tests.UpdateMyInfoTest -->
