<?xml version="1.0" encoding="UTF-8"?>
<!-- Generated by org.testng.reporters.JUnitReportReporter -->
<testsuite skipped="0" hostname="LENOVO" name="com.tmb.tests.OrangeHRMHomePageTest" tests="1" failures="0" timestamp="16 Jul 2021 07:47:55 GMT" time="25.523" errors="0">
  <testcase name="validateDashBoard" time="25.523" classname="com.tmb.tests.OrangeHRMHomePageTest"/>
</testsuite> <!-- com.tmb.tests.OrangeHRMHomePageTest -->
