<?xml version="1.0" encoding="UTF-8"?>
<!-- Generated by org.testng.reporters.JUnitReportReporter -->
<testsuite skipped="0" hostname="LENOVO" name="com.tmb.dataProvider.DataProviderDemo" tests="3" failures="0" timestamp="21 Jul 2021 03:36:08 GMT" time="0.034" errors="0">
  <testcase name="login" time="0.006" classname="com.tmb.dataProvider.DataProviderDemo"/>
  <testcase name="login" time="0.007" classname="com.tmb.dataProvider.DataProviderDemo"/>
  <testcase name="login" time="0.021" classname="com.tmb.dataProvider.DataProviderDemo"/>
</testsuite> <!-- com.tmb.dataProvider.DataProviderDemo -->
