<?xml version="1.0" encoding="UTF-8"?>
<!-- Generated by org.testng.reporters.JUnitReportReporter -->
<testsuite skipped="0" hostname="LENOVO" name="com.tmb.tests.OrangeHRMHomePageTest" tests="2" failures="0" timestamp="30 Jul 2021 06:05:20 GMT" time="42.931" errors="0">
  <testcase name="validateHomePageDashBoardTest" time="21.704" classname="com.tmb.tests.OrangeHRMHomePageTest"/>
  <testcase name="validateHomePageDashBoardTest" time="21.227" classname="com.tmb.tests.OrangeHRMHomePageTest"/>
</testsuite> <!-- com.tmb.tests.OrangeHRMHomePageTest -->
