<?xml version="1.0" encoding="UTF-8"?>
<!-- Generated by org.testng.reporters.JUnitReportReporter -->
<testsuite skipped="0" hostname="LENOVO" name="com.tmb.tests.OrangeHRMHomePageTest" tests="1" failures="0" timestamp="25 Jul 2021 11:19:37 GMT" time="24.942" errors="0">
  <testcase name="validateDashBoard" time="24.942" classname="com.tmb.tests.OrangeHRMHomePageTest"/>
</testsuite> <!-- com.tmb.tests.OrangeHRMHomePageTest -->
