<?xml version="1.0" encoding="UTF-8"?>
<!-- Generated by org.testng.reporters.JUnitReportReporter -->
<testsuite skipped="0" hostname="LENOVO" name="com.tmb.tests.LoginPageTest" tests="1" failures="0" timestamp="19 Jul 2021 05:38:49 GMT" time="25.690" errors="0">
  <testcase name="loginLogoutTest" time="25.690" classname="com.tmb.tests.LoginPageTest"/>
</testsuite> <!-- com.tmb.tests.LoginPageTest -->
