<?xml version="1.0" encoding="UTF-8"?>
<!-- Generated by org.testng.reporters.JUnitReportReporter -->
<testsuite skipped="0" hostname="LENOVO" name="com.tmb.tests.UpdateMyInfoTest" tests="1" failures="0" timestamp="06 Aug 2021 06:11:23 GMT" time="23.800" errors="0">
  <testcase name="validateUpdateMyInfoTest" time="23.800" classname="com.tmb.tests.UpdateMyInfoTest"/>
</testsuite> <!-- com.tmb.tests.UpdateMyInfoTest -->
