<?xml version="1.0" encoding="UTF-8"?>
<!-- Generated by org.testng.reporters.JUnitReportReporter -->
<testsuite skipped="0" hostname="LENOVO" name="com.tmb.tests.LoginPageTest" tests="1" failures="0" timestamp="17 Jul 2021 14:45:16 GMT" time="23.595" errors="0">
  <testcase name="loginLogoutTest" time="23.595" classname="com.tmb.tests.LoginPageTest"/>
</testsuite> <!-- com.tmb.tests.LoginPageTest -->
