<?xml version="1.0" encoding="UTF-8"?>
<!-- Generated by org.testng.reporters.JUnitReportReporter -->
<testsuite skipped="0" hostname="LENOVO" name="com.tmb.tests.LoginPageTest" tests="1" failures="0" timestamp="25 Jul 2021 15:39:25 GMT" time="42.441" errors="0">
  <testcase name="loginLogoutTest" time="42.441" classname="com.tmb.tests.LoginPageTest"/>
</testsuite> <!-- com.tmb.tests.LoginPageTest -->
