<?xml version="1.0" encoding="UTF-8"?>
<!-- Generated by org.testng.reporters.JUnitReportReporter -->
<testsuite skipped="0" hostname="LENOVO" name="com.tmb.tests.OrangeHRMHomePageTest" tests="1" failures="0" timestamp="17 Jul 2021 06:33:25 GMT" time="22.495" errors="0">
  <testcase name="validateDashBoard" time="22.495" classname="com.tmb.tests.OrangeHRMHomePageTest"/>
</testsuite> <!-- com.tmb.tests.OrangeHRMHomePageTest -->
